{
  "RSpec": {
    "coverage": {
      "/Users/joshglasson/projects/battle/app.rb": [
        1,
        null,
        1,
        1,
        null,
        1,
        5,
        null,
        null,
        1,
        4,
        4,
        4,
        null,
        null,
        1,
        5,
        5,
        5,
        null,
        null,
        1,
        2,
        2,
        2,
        2,
        null,
        null,
        1,
        null
      ],
      "/Users/joshglasson/projects/battle/spec/features/attack_spec.rb": [
        1,
        1,
        1,
        1,
        1,
        null,
        null,
        1,
        1,
        1,
        1,
        1,
        1,
        null,
        null
      ],
      "/Users/joshglasson/projects/battle/spec/features/hit_points_spec.rb": [
        1,
        1,
        1,
        1,
        null,
        null
      ],
      "/Users/joshglasson/projects/battle/spec/features/player_names_spec.rb": [
        1,
        1,
        1,
        1,
        null,
        null
      ],
      "/Users/joshglasson/projects/battle/spec/features/testing_infrastructure_spec.rb": [
        1,
        1,
        1,
        1,
        null,
        null
      ],
      "/Users/joshglasson/projects/battle/spec/game_spec.rb": [
        1,
        null,
        1,
        2,
        1,
        2,
        null,
        1,
        1,
        1,
        1,
        null,
        null,
        null
      ],
      "/Users/joshglasson/projects/battle/lib/game.rb": [
        1,
        null,
        1,
        3,
        null,
        null,
        null
      ],
      "/Users/joshglasson/projects/battle/spec/player_spec.rb": [
        1,
        null,
        1,
        4,
        1,
        null,
        1,
        1,
        1,
        null,
        null,
        null,
        1,
        1,
        1,
        null,
        null,
        null,
        1,
        1,
        4,
        null,
        null,
        null
      ],
      "/Users/joshglasson/projects/battle/lib/player.rb": [
        1,
        1,
        1,
        null,
        1,
        11,
        11,
        null,
        null,
        1,
        0,
        null,
        null,
        1,
        3,
        null,
        null
      ]
    },
    "timestamp": 1554299705
  }
}
