{
  "RSpec": {
    "coverage": {
      "/Users/joshglasson/projects/battle/app.rb": [
        1,
        1,
        1,
        null,
        1,
        1,
        null,
        1,
        10,
        null,
        null,
        1,
        9,
        9,
        9,
        9,
        null,
        null,
        1,
        14,
        14,
        null,
        null,
        1,
        7,
        7,
        7,
        null,
        null,
        1,
        5,
        5,
        null,
        null,
        1,
        null
      ],
      "/Users/joshglasson/projects/battle/lib/game.rb": [
        1,
        1,
        null,
        1,
        15,
        15,
        null,
        null,
        1,
        57,
        null,
        null,
        1,
        50,
        null,
        null,
        1,
        8,
        null,
        null,
        1,
        6,
        null,
        null,
        1,
        45,
        null,
        null,
        1,
        1,
        null,
        null
      ],
      "/Users/joshglasson/projects/battle/lib/player.rb": [
        1,
        1,
        1,
        null,
        1,
        21,
        21,
        null,
        null,
        1,
        0,
        null,
        null,
        1,
        8,
        null,
        null
      ],
      "/Users/joshglasson/projects/battle/spec/features/attack_spec.rb": [
        1,
        1,
        1,
        1,
        1,
        null,
        null,
        1,
        1,
        1,
        1,
        1,
        1,
        null,
        null,
        1,
        1,
        1,
        1,
        1,
        1,
        1,
        1,
        null,
        null,
        1,
        1,
        1,
        1,
        1,
        1,
        null,
        null
      ],
      "/Users/joshglasson/projects/battle/spec/features/hit_points_spec.rb": [
        1,
        1,
        1,
        1,
        null,
        null,
        1,
        1,
        1,
        null,
        null
      ],
      "/Users/joshglasson/projects/battle/spec/features/player_names_spec.rb": [
        1,
        1,
        1,
        1,
        null,
        null
      ],
      "/Users/joshglasson/projects/battle/spec/features/switch_turns_spec.rb": [
        1,
        1,
        1,
        1,
        1,
        null,
        null,
        1,
        1,
        1,
        1,
        1,
        1,
        null,
        null,
        null
      ],
      "/Users/joshglasson/projects/battle/spec/features/testing_infrastructure_spec.rb": [
        1,
        1,
        1,
        1,
        null,
        null
      ],
      "/Users/joshglasson/projects/battle/spec/game_spec.rb": [
        1,
        null,
        1,
        7,
        7,
        7,
        null,
        1,
        1,
        1,
        null,
        null,
        null,
        1,
        1,
        1,
        null,
        null,
        null,
        1,
        1,
        1,
        1,
        null,
        null,
        null,
        1,
        1,
        1,
        null,
        null,
        null,
        1,
        1,
        1,
        1,
        null,
        null,
        null,
        1,
        1,
        1,
        1,
        null,
        null,
        null
      ],
      "/Users/joshglasson/projects/battle/spec/player_spec.rb": [
        1,
        null,
        1,
        4,
        1,
        null,
        1,
        1,
        1,
        null,
        null,
        null,
        1,
        1,
        1,
        null,
        null,
        null,
        1,
        1,
        4,
        null,
        null,
        null
      ]
    },
    "timestamp": 1554302579
  }
}
